<?xml version="1.0" encoding="UTF-8"?>
<!-- Generated by org.testng.reporters.JUnitXMLReporter -->
<testsuite ignored="0" hostname="DESKTOP-QDQC4PA" failures="0" tests="5" name="chromeTest" time="28.068" errors="0" timestamp="2022-08-06T15:23:19 IST">
  <testcase classname="SauceDemo_TestScenarios.TC001_VerifyLoginFunctionality" name="loginFunctionality" time="1.259"/>
  <testcase classname="SauceDemo_TestScenarios.TC003_VerifyDropDownFunctionality" name="dropDownFunctionality" time="1.832"/>
  <testcase classname="SauceDemo_TestScenarios.TC002_VerifyLogOutFuntionality" name="logOutFunctionality" time="2.221"/>
  <testcase classname="SauceDemo_TestScenarios.TC005_OverallFunctionality" name="overallFunctinality" time="3.689"/>
  <testcase classname="SauceDemo_TestScenarios.TC004_AddToCartScenario" name="addtoCartFunctionality" time="10.327"/>
</testsuite> <!-- chromeTest -->
