<?xml version="1.0" encoding="UTF-8"?>
<!-- Generated by org.testng.reporters.JUnitXMLReporter -->
<testsuite ignored="0" hostname="DESKTOP-QDQC4PA" failures="0" tests="5" name="Test" time="26.061" errors="0" timestamp="2022-08-06T14:31:27 IST">
  <testcase classname="SauceDemo_TestScenarios.TC003_VerifyDropDownFunctionality" name="dropDownFunctionality" time="2.163"/>
  <testcase classname="SauceDemo_TestScenarios.TC001_VerifyLoginFunctionality" name="loginFunctionality" time="0.17"/>
  <testcase classname="SauceDemo_TestScenarios.TC002_VerifyLogOutFuntionality" name="logOutFunctionality" time="1.051"/>
  <testcase classname="SauceDemo_TestScenarios.TC005_OverallFunctionality" name="overallFunctinality" time="2.161"/>
  <testcase classname="SauceDemo_TestScenarios.TC004_AddToCartScenario" name="addtoCartFunctionality" time="11.025"/>
</testsuite> <!-- Test -->
